[2023-05-28 15:00:02] production.ERROR: Target class [config] does not exist. {"exception":"[object] (Illuminate\\Contracts\\Container\\BindingResolutionException(code: 0): Target class [config] does not exist. at C:\\laragon\\www\\projetoPPI\\vendor\\laravel\\framework\\src\\Illuminate\\Container\\Container.php:916)
[stacktrace]
#0 C:\\laragon\\www\\projetoPPI\\vendor\\laravel\\framework\\src\\Illuminate\\Container\\Container.php(795): Illuminate\\Container\\Container->build('config')
#1 C:\\laragon\\www\\projetoPPI\\vendor\\laravel\\framework\\src\\Illuminate\\Foundation\\Application.php(933): Illuminate\\Container\\Container->resolve('config', Array, true)
#2 C:\\laragon\\www\\projetoPPI\\vendor\\laravel\\framework\\src\\Illuminate\\Container\\Container.php(731): Illuminate\\Foundation\\Application->resolve('config', Array)
#3 C:\\laragon\\www\\projetoPPI\\vendor\\laravel\\framework\\src\\Illuminate\\Foundation\\Application.php(918): Illuminate\\Container\\Container->make('config', Array)
#4 C:\\laragon\\www\\projetoPPI\\vendor\\laravel\\framework\\src\\Illuminate\\Foundation\\helpers.php(120): Illuminate\\Foundation\\Application->make('config', Array)
#5 C:\\laragon\\www\\projetoPPI\\vendor\\laravel\\framework\\src\\Illuminate\\Foundation\\helpers.php(276): app('config')
#6 C:\\laragon\\www\\projetoPPI\\vendor\\laravel\\sanctum\\src\\Sanctum.php(44): config('app.url')
#7 C:\\laragon\\www\\projetoPPI\\config\\sanctum.php(21): Laravel\\Sanctum\\Sanctum::currentApplicationUrlWithPort()
#8 C:\\laragon\\www\\projetoPPI\\vendor\\laravel\\framework\\src\\Illuminate\\Foundation\\Bootstrap\\LoadConfiguration.php(70): require('C:\\\\laragon\\\\www\\\\...')
#9 C:\\laragon\\www\\projetoPPI\\vendor\\laravel\\framework\\src\\Illuminate\\Foundation\\Bootstrap\\LoadConfiguration.php(39): Illuminate\\Foundation\\Bootstrap\\LoadConfiguration->loadConfigurationFiles(Object(Illuminate\\Foundation\\Application), Object(Illuminate\\Config\\Repository))
#10 C:\\laragon\\www\\projetoPPI\\vendor\\laravel\\framework\\src\\Illuminate\\Foundation\\Application.php(261): Illuminate\\Foundation\\Bootstrap\\LoadConfiguration->bootstrap(Object(Illuminate\\Foundation\\Application))
#11 C:\\laragon\\www\\projetoPPI\\vendor\\laravel\\framework\\src\\Illuminate\\Foundation\\Http\\Kernel.php(186): Illuminate\\Foundation\\Application->bootstrapWith(Array)
#12 C:\\laragon\\www\\projetoPPI\\vendor\\laravel\\framework\\src\\Illuminate\\Foundation\\Http\\Kernel.php(170): Illuminate\\Foundation\\Http\\Kernel->bootstrap()
#13 C:\\laragon\\www\\projetoPPI\\vendor\\laravel\\framework\\src\\Illuminate\\Foundation\\Http\\Kernel.php(144): Illuminate\\Foundation\\Http\\Kernel->sendRequestThroughRouter(Object(Illuminate\\Http\\Request))
#14 C:\\laragon\\www\\projetoPPI\\public\\index.php(51): Illuminate\\Foundation\\Http\\Kernel->handle(Object(Illuminate\\Http\\Request))
#15 {main}

[previous exception] [object] (ReflectionException(code: -1): Class \"config\" does not exist at C:\\laragon\\www\\projetoPPI\\vendor\\laravel\\framework\\src\\Illuminate\\Container\\Container.php:914)
[stacktrace]
#0 C:\\laragon\\www\\projetoPPI\\vendor\\laravel\\framework\\src\\Illuminate\\Container\\Container.php(914): ReflectionClass->__construct('config')
#1 C:\\laragon\\www\\projetoPPI\\vendor\\laravel\\framework\\src\\Illuminate\\Container\\Container.php(795): Illuminate\\Container\\Container->build('config')
#2 C:\\laragon\\www\\projetoPPI\\vendor\\laravel\\framework\\src\\Illuminate\\Foundation\\Application.php(933): Illuminate\\Container\\Container->resolve('config', Array, true)
#3 C:\\laragon\\www\\projetoPPI\\vendor\\laravel\\framework\\src\\Illuminate\\Container\\Container.php(731): Illuminate\\Foundation\\Application->resolve('config', Array)
#4 C:\\laragon\\www\\projetoPPI\\vendor\\laravel\\framework\\src\\Illuminate\\Foundation\\Application.php(918): Illuminate\\Container\\Container->make('config', Array)
#5 C:\\laragon\\www\\projetoPPI\\vendor\\laravel\\framework\\src\\Illuminate\\Foundation\\helpers.php(120): Illuminate\\Foundation\\Application->make('config', Array)
#6 C:\\laragon\\www\\projetoPPI\\vendor\\laravel\\framework\\src\\Illuminate\\Foundation\\helpers.php(276): app('config')
#7 C:\\laragon\\www\\projetoPPI\\vendor\\laravel\\sanctum\\src\\Sanctum.php(44): config('app.url')
#8 C:\\laragon\\www\\projetoPPI\\config\\sanctum.php(21): Laravel\\Sanctum\\Sanctum::currentApplicationUrlWithPort()
#9 C:\\laragon\\www\\projetoPPI\\vendor\\laravel\\framework\\src\\Illuminate\\Foundation\\Bootstrap\\LoadConfiguration.php(70): require('C:\\\\laragon\\\\www\\\\...')
#10 C:\\laragon\\www\\projetoPPI\\vendor\\laravel\\framework\\src\\Illuminate\\Foundation\\Bootstrap\\LoadConfiguration.php(39): Illuminate\\Foundation\\Bootstrap\\LoadConfiguration->loadConfigurationFiles(Object(Illuminate\\Foundation\\Application), Object(Illuminate\\Config\\Repository))
#11 C:\\laragon\\www\\projetoPPI\\vendor\\laravel\\framework\\src\\Illuminate\\Foundation\\Application.php(261): Illuminate\\Foundation\\Bootstrap\\LoadConfiguration->bootstrap(Object(Illuminate\\Foundation\\Application))
#12 C:\\laragon\\www\\projetoPPI\\vendor\\laravel\\framework\\src\\Illuminate\\Foundation\\Http\\Kernel.php(186): Illuminate\\Foundation\\Application->bootstrapWith(Array)
#13 C:\\laragon\\www\\projetoPPI\\vendor\\laravel\\framework\\src\\Illuminate\\Foundation\\Http\\Kernel.php(170): Illuminate\\Foundation\\Http\\Kernel->bootstrap()
#14 C:\\laragon\\www\\projetoPPI\\vendor\\laravel\\framework\\src\\Illuminate\\Foundation\\Http\\Kernel.php(144): Illuminate\\Foundation\\Http\\Kernel->sendRequestThroughRouter(Object(Illuminate\\Http\\Request))
#15 C:\\laragon\\www\\projetoPPI\\public\\index.php(51): Illuminate\\Foundation\\Http\\Kernel->handle(Object(Illuminate\\Http\\Request))
#16 {main}
"} 
